# JRE version: 7.0_07-b10
# Java VM: Java HotSpot(TM) 64-Bit Server VM (23.3-b01 mixed mode linux-amd64 compressed oops)
Heap
 def new generation   total 8384K, used 5126K [0x00000000dfa00000, 0x00000000e0310000, 0x00000000e8b50000)
  eden space 7488K,  60% used [0x00000000dfa00000, 0x00000000dfe71d88, 0x00000000e0150000)
  from space 896K,  64% used [0x00000000e0150000, 0x00000000e01dfc28, 0x00000000e0230000)
  to   space 896K,   0% used [0x00000000e0230000, 0x00000000e0230000, 0x00000000e0310000)
 tenured generation   total 18624K, used 17730K [0x00000000e8b50000, 0x00000000e9d80000, 0x00000000fae00000)
   the space 18624K,  95% used [0x00000000e8b50000, 0x00000000e9ca0a38, 0x00000000e9ca0c00, 0x00000000e9d80000)
 compacting perm gen  total 21248K, used 14680K [0x00000000fae00000, 0x00000000fc2c0000, 0x0000000100000000)
   the space 21248K,  69% used [0x00000000fae00000, 0x00000000fbc561c8, 0x00000000fbc56200, 0x00000000fc2c0000)
GC Heap History (10 events):
Event: 9.994 GC heap before
{Heap before GC invocations=27 (full 0):
 def new generation   total 8384K, used 8157K [0x00000000dfa00000, 0x00000000e0310000, 0x00000000e8b50000)
  eden space 7488K, 100% used [0x00000000dfa00000, 0x00000000e0150000, 0x00000000e0150000)
  from space 896K,  74% used [0x00000000e0230000, 0x00000000e02d7780, 0x00000000e0310000)
  to   space 896K,   0% used [0x00000000e0150000, 0x00000000e0150000, 0x00000000e0230000)
 tenured generation   total 18624K, used 16368K [0x00000000e8b50000, 0x00000000e9d80000, 0x00000000fae00000)
   the space 18624K,  87% used [0x00000000e8b50000, 0x00000000e9b4c178, 0x00000000e9b4c200, 0x00000000e9d80000)
 compacting perm gen  total 21248K, used 14082K [0x00000000fae00000, 0x00000000fc2c0000, 0x0000000100000000)
   the space 21248K,  66% used [0x00000000fae00000, 0x00000000fbbc08b0, 0x00000000fbbc0a00, 0x00000000fc2c0000)
No shared spaces configured.
Event: 9.999 GC heap after
Heap after GC invocations=28 (full 0):
 def new generation   total 8384K, used 654K [0x00000000dfa00000, 0x00000000e0310000, 0x00000000e8b50000)
  eden space 7488K,   0% used [0x00000000dfa00000, 0x00000000dfa00000, 0x00000000e0150000)
  from space 896K,  72% used [0x00000000e0150000, 0x00000000e01f3850, 0x00000000e0230000)
  to   space 896K,   0% used [0x00000000e0230000, 0x00000000e0230000, 0x00000000e0310000)
 tenured generation   total 18624K, used 16695K [0x00000000e8b50000, 0x00000000e9d80000, 0x00000000fae00000)
   the space 18624K,  89% used [0x00000000e8b50000, 0x00000000e9b9dc80, 0x00000000e9b9de00, 0x00000000e9d80000)
 compacting perm gen  total 21248K, used 14082K [0x00000000fae00000, 0x00000000fc2c0000, 0x0000000100000000)
   the space 21248K,  66% used [0x00000000fae00000, 0x00000000fbbc08b0, 0x00000000fbbc0a00, 0x00000000fc2c0000)
No shared spaces configured.
}
Event: 10.222 GC heap before
{Heap before GC invocations=28 (full 0):
 def new generation   total 8384K, used 8142K [0x00000000dfa00000, 0x00000000e0310000, 0x00000000e8b50000)
  eden space 7488K, 100% used [0x00000000dfa00000, 0x00000000e0150000, 0x00000000e0150000)
  from space 896K,  72% used [0x00000000e0150000, 0x00000000e01f3850, 0x00000000e0230000)
  to   space 896K,   0% used [0x00000000e0230000, 0x00000000e0230000, 0x00000000e0310000)
 tenured generation   total 18624K, used 16695K [0x00000000e8b50000, 0x00000000e9d80000, 0x00000000fae00000)
   the space 18624K,  89% used [0x00000000e8b50000, 0x00000000e9b9dc80, 0x00000000e9b9de00, 0x00000000e9d80000)
 compacting perm gen  total 21248K, used 14082K [0x00000000fae00000, 0x00000000fc2c0000, 0x0000000100000000)
   the space 21248K,  66% used [0x00000000fae00000, 0x00000000fbbc0bf0, 0x00000000fbbc0c00, 0x00000000fc2c0000)
No shared spaces configured.
Event: 10.237 GC heap after
Heap after GC invocations=29 (full 0):
 def new generation   total 8384K, used 771K [0x00000000dfa00000, 0x00000000e0310000, 0x00000000e8b50000)
  eden space 7488K,   0% used [0x00000000dfa00000, 0x00000000dfa00000, 0x00000000e0150000)
  from space 896K,  86% used [0x00000000e0230000, 0x00000000e02f0d20, 0x00000000e0310000)
  to   space 896K,   0% used [0x00000000e0150000, 0x00000000e0150000, 0x00000000e0230000)
 tenured generation   total 18624K, used 16982K [0x00000000e8b50000, 0x00000000e9d80000, 0x00000000fae00000)
   the space 18624K,  91% used [0x00000000e8b50000, 0x00000000e9be5918, 0x00000000e9be5a00, 0x00000000e9d80000)
 compacting perm gen  total 21248K, used 14082K [0x00000000fae00000, 0x00000000fc2c0000, 0x0000000100000000)
   the space 21248K,  66% used [0x00000000fae00000, 0x00000000fbbc0bf0, 0x00000000fbbc0c00, 0x00000000fc2c0000)
No shared spaces configured.
}
Event: 10.605 GC heap before
{Heap before GC invocations=29 (full 0):
 def new generation   total 8384K, used 8256K [0x00000000dfa00000, 0x00000000e0310000, 0x00000000e8b50000)
  eden space 7488K,  99% used [0x00000000dfa00000, 0x00000000e014f4b0, 0x00000000e0150000)
  from space 896K,  86% used [0x00000000e0230000, 0x00000000e02f0d20, 0x00000000e0310000)
  to   space 896K,   0% used [0x00000000e0150000, 0x00000000e0150000, 0x00000000e0230000)
 tenured generation   total 18624K, used 16982K [0x00000000e8b50000, 0x00000000e9d80000, 0x00000000fae00000)
   the space 18624K,  91% used [0x00000000e8b50000, 0x00000000e9be5918, 0x00000000e9be5a00, 0x00000000e9d80000)
 compacting perm gen  total 21248K, used 14151K [0x00000000fae00000, 0x00000000fc2c0000, 0x0000000100000000)
   the space 21248K,  66% used [0x00000000fae00000, 0x00000000fbbd1c88, 0x00000000fbbd1e00, 0x00000000fc2c0000)
No shared spaces configured.
Event: 10.610 GC heap after
Heap after GC invocations=30 (full 0):
 def new generation   total 8384K, used 500K [0x00000000dfa00000, 0x00000000e0310000, 0x00000000e8b50000)
  eden space 7488K,   0% used [0x00000000dfa00000, 0x00000000dfa00000, 0x00000000e0150000)
  from space 896K,  55% used [0x00000000e0150000, 0x00000000e01cd028, 0x00000000e0230000)
  to   space 896K,   0% used [0x00000000e0230000, 0x00000000e0230000, 0x00000000e0310000)
 tenured generation   total 18624K, used 17315K [0x00000000e8b50000, 0x00000000e9d80000, 0x00000000fae00000)
   the space 18624K,  92% used [0x00000000e8b50000, 0x00000000e9c38d30, 0x00000000e9c38e00, 0x00000000e9d80000)
 compacting perm gen  total 21248K, used 14151K [0x00000000fae00000, 0x00000000fc2c0000, 0x0000000100000000)
   the space 21248K,  66% used [0x00000000fae00000, 0x00000000fbbd1c88, 0x00000000fbbd1e00, 0x00000000fc2c0000)
No shared spaces configured.
}
Event: 10.781 GC heap before
{Heap before GC invocations=30 (full 0):
 def new generation   total 8384K, used 7988K [0x00000000dfa00000, 0x00000000e0310000, 0x00000000e8b50000)
  eden space 7488K, 100% used [0x00000000dfa00000, 0x00000000e0150000, 0x00000000e0150000)
  from space 896K,  55% used [0x00000000e0150000, 0x00000000e01cd028, 0x00000000e0230000)
  to   space 896K,   0% used [0x00000000e0230000, 0x00000000e0230000, 0x00000000e0310000)
 tenured generation   total 18624K, used 17315K [0x00000000e8b50000, 0x00000000e9d80000, 0x00000000fae00000)
   the space 18624K,  92% used [0x00000000e8b50000, 0x00000000e9c38d30, 0x00000000e9c38e00, 0x00000000e9d80000)
 compacting perm gen  total 21248K, used 14194K [0x00000000fae00000, 0x00000000fc2c0000, 0x0000000100000000)
   the space 21248K,  66% used [0x00000000fae00000, 0x00000000fbbdc808, 0x00000000fbbdca00, 0x00000000fc2c0000)
No shared spaces configured.
Event: 10.787 GC heap after
Heap after GC invocations=31 (full 0):
 def new generation   total 8384K, used 574K [0x00000000dfa00000, 0x00000000e0310000, 0x00000000e8b50000)
  eden space 7488K,   0% used [0x00000000dfa00000, 0x00000000dfa00000, 0x00000000e0150000)
  from space 896K,  64% used [0x00000000e0230000, 0x00000000e02bf8a0, 0x00000000e0310000)
  to   space 896K,   0% used [0x00000000e0150000, 0x00000000e0150000, 0x00000000e0230000)
 tenured generation   total 18624K, used 17555K [0x00000000e8b50000, 0x00000000e9d80000, 0x00000000fae00000)
   the space 18624K,  94% used [0x00000000e8b50000, 0x00000000e9c74d48, 0x00000000e9c74e00, 0x00000000e9d80000)
 compacting perm gen  total 21248K, used 14194K [0x00000000fae00000, 0x00000000fc2c0000, 0x0000000100000000)
   the space 21248K,  66% used [0x00000000fae00000, 0x00000000fbbdc808, 0x00000000fbbdca00, 0x00000000fc2c0000)
No shared spaces configured.
}
Event: 10.924 GC heap before
{Heap before GC invocations=31 (full 0):
 def new generation   total 8384K, used 8062K [0x00000000dfa00000, 0x00000000e0310000, 0x00000000e8b50000)
  eden space 7488K, 100% used [0x00000000dfa00000, 0x00000000e0150000, 0x00000000e0150000)
  from space 896K,  64% used [0x00000000e0230000, 0x00000000e02bf8a0, 0x00000000e0310000)
  to   space 896K,   0% used [0x00000000e0150000, 0x00000000e0150000, 0x00000000e0230000)
 tenured generation   total 18624K, used 17555K [0x00000000e8b50000, 0x00000000e9d80000, 0x00000000fae00000)
   the space 18624K,  94% used [0x00000000e8b50000, 0x00000000e9c74d48, 0x00000000e9c74e00, 0x00000000e9d80000)
 compacting perm gen  total 21248K, used 14227K [0x00000000fae00000, 0x00000000fc2c0000, 0x0000000100000000)
   the space 21248K,  66% used [0x00000000fae00000, 0x00000000fbbe4c78, 0x00000000fbbe4e00, 0x00000000fc2c0000)
No shared spaces configured.
Event: 10.928 GC heap after
Heap after GC invocations=32 (full 0):
 def new generation   total 8384K, used 575K [0x00000000dfa00000, 0x00000000e0310000, 0x00000000e8b50000)
  eden space 7488K,   0% used [0x00000000dfa00000, 0x00000000dfa00000, 0x00000000e0150000)
  from space 896K,  64% used [0x00000000e0150000, 0x00000000e01dfc28, 0x00000000e0230000)
  to   space 896K,   0% used [0x00000000e0230000, 0x00000000e0230000, 0x00000000e0310000)
 tenured generation   total 18624K, used 17730K [0x00000000e8b50000, 0x00000000e9d80000, 0x00000000fae00000)
   the space 18624K,  95% used [0x00000000e8b50000, 0x00000000e9ca0a38, 0x00000000e9ca0c00, 0x00000000e9d80000)
 compacting perm gen  total 21248K, used 14227K [0x00000000fae00000, 0x00000000fc2c0000, 0x0000000100000000)
   the space 21248K,  66% used [0x00000000fae00000, 0x00000000fbbe4c78, 0x00000000fbbe4e00, 0x00000000fc2c0000)
No shared spaces configured.
}

