# JRE version: 7.0_07-b10
# Java VM: Java HotSpot(TM) 64-Bit Server VM (23.3-b01 mixed mode linux-amd64 compressed oops)
Heap
 def new generation   total 8384K, used 5247K [0x00000000dfa00000, 0x00000000e0310000, 0x00000000e8b50000)
  eden space 7488K,  62% used [0x00000000dfa00000, 0x00000000dfe95218, 0x00000000e0150000)
  from space 896K,  61% used [0x00000000e0150000, 0x00000000e01da9e8, 0x00000000e0230000)
  to   space 896K,   0% used [0x00000000e0230000, 0x00000000e0230000, 0x00000000e0310000)
 tenured generation   total 18624K, used 17656K [0x00000000e8b50000, 0x00000000e9d80000, 0x00000000fae00000)
   the space 18624K,  94% used [0x00000000e8b50000, 0x00000000e9c8e250, 0x00000000e9c8e400, 0x00000000e9d80000)
 compacting perm gen  total 21248K, used 14680K [0x00000000fae00000, 0x00000000fc2c0000, 0x0000000100000000)
   the space 21248K,  69% used [0x00000000fae00000, 0x00000000fbc56078, 0x00000000fbc56200, 0x00000000fc2c0000)
GC Heap History (10 events):
Event: 9.750 GC heap before
{Heap before GC invocations=27 (full 0):
 def new generation   total 8384K, used 8180K [0x00000000dfa00000, 0x00000000e0310000, 0x00000000e8b50000)
  eden space 7488K, 100% used [0x00000000dfa00000, 0x00000000e0150000, 0x00000000e0150000)
  from space 896K,  77% used [0x00000000e0230000, 0x00000000e02dd290, 0x00000000e0310000)
  to   space 896K,   0% used [0x00000000e0150000, 0x00000000e0150000, 0x00000000e0230000)
 tenured generation   total 18624K, used 16296K [0x00000000e8b50000, 0x00000000e9d80000, 0x00000000fae00000)
   the space 18624K,  87% used [0x00000000e8b50000, 0x00000000e9b3a128, 0x00000000e9b3a200, 0x00000000e9d80000)
 compacting perm gen  total 21248K, used 14080K [0x00000000fae00000, 0x00000000fc2c0000, 0x0000000100000000)
   the space 21248K,  66% used [0x00000000fae00000, 0x00000000fbbc0348, 0x00000000fbbc0400, 0x00000000fc2c0000)
No shared spaces configured.
Event: 9.755 GC heap after
Heap after GC invocations=28 (full 0):
 def new generation   total 8384K, used 656K [0x00000000dfa00000, 0x00000000e0310000, 0x00000000e8b50000)
  eden space 7488K,   0% used [0x00000000dfa00000, 0x00000000dfa00000, 0x00000000e0150000)
  from space 896K,  73% used [0x00000000e0150000, 0x00000000e01f4268, 0x00000000e0230000)
  to   space 896K,   0% used [0x00000000e0230000, 0x00000000e0230000, 0x00000000e0310000)
 tenured generation   total 18624K, used 16623K [0x00000000e8b50000, 0x00000000e9d80000, 0x00000000fae00000)
   the space 18624K,  89% used [0x00000000e8b50000, 0x00000000e9b8bc48, 0x00000000e9b8be00, 0x00000000e9d80000)
 compacting perm gen  total 21248K, used 14080K [0x00000000fae00000, 0x00000000fc2c0000, 0x0000000100000000)
   the space 21248K,  66% used [0x00000000fae00000, 0x00000000fbbc0348, 0x00000000fbbc0400, 0x00000000fc2c0000)
No shared spaces configured.
}
Event: 9.929 GC heap before
{Heap before GC invocations=28 (full 0):
 def new generation   total 8384K, used 8144K [0x00000000dfa00000, 0x00000000e0310000, 0x00000000e8b50000)
  eden space 7488K, 100% used [0x00000000dfa00000, 0x00000000e0150000, 0x00000000e0150000)
  from space 896K,  73% used [0x00000000e0150000, 0x00000000e01f4268, 0x00000000e0230000)
  to   space 896K,   0% used [0x00000000e0230000, 0x00000000e0230000, 0x00000000e0310000)
 tenured generation   total 18624K, used 16623K [0x00000000e8b50000, 0x00000000e9d80000, 0x00000000fae00000)
   the space 18624K,  89% used [0x00000000e8b50000, 0x00000000e9b8bc48, 0x00000000e9b8be00, 0x00000000e9d80000)
 compacting perm gen  total 21248K, used 14081K [0x00000000fae00000, 0x00000000fc2c0000, 0x0000000100000000)
   the space 21248K,  66% used [0x00000000fae00000, 0x00000000fbbc0780, 0x00000000fbbc0800, 0x00000000fc2c0000)
No shared spaces configured.
Event: 9.934 GC heap after
Heap after GC invocations=29 (full 0):
 def new generation   total 8384K, used 772K [0x00000000dfa00000, 0x00000000e0310000, 0x00000000e8b50000)
  eden space 7488K,   0% used [0x00000000dfa00000, 0x00000000dfa00000, 0x00000000e0150000)
  from space 896K,  86% used [0x00000000e0230000, 0x00000000e02f1020, 0x00000000e0310000)
  to   space 896K,   0% used [0x00000000e0150000, 0x00000000e0150000, 0x00000000e0230000)
 tenured generation   total 18624K, used 16911K [0x00000000e8b50000, 0x00000000e9d80000, 0x00000000fae00000)
   the space 18624K,  90% used [0x00000000e8b50000, 0x00000000e9bd3cd0, 0x00000000e9bd3e00, 0x00000000e9d80000)
 compacting perm gen  total 21248K, used 14081K [0x00000000fae00000, 0x00000000fc2c0000, 0x0000000100000000)
   the space 21248K,  66% used [0x00000000fae00000, 0x00000000fbbc0780, 0x00000000fbbc0800, 0x00000000fc2c0000)
No shared spaces configured.
}
Event: 10.311 GC heap before
{Heap before GC invocations=29 (full 0):
 def new generation   total 8384K, used 8260K [0x00000000dfa00000, 0x00000000e0310000, 0x00000000e8b50000)
  eden space 7488K, 100% used [0x00000000dfa00000, 0x00000000e0150000, 0x00000000e0150000)
  from space 896K,  86% used [0x00000000e0230000, 0x00000000e02f1020, 0x00000000e0310000)
  to   space 896K,   0% used [0x00000000e0150000, 0x00000000e0150000, 0x00000000e0230000)
 tenured generation   total 18624K, used 16911K [0x00000000e8b50000, 0x00000000e9d80000, 0x00000000fae00000)
   the space 18624K,  90% used [0x00000000e8b50000, 0x00000000e9bd3cd0, 0x00000000e9bd3e00, 0x00000000e9d80000)
 compacting perm gen  total 21248K, used 14149K [0x00000000fae00000, 0x00000000fc2c0000, 0x0000000100000000)
   the space 21248K,  66% used [0x00000000fae00000, 0x00000000fbbd1570, 0x00000000fbbd1600, 0x00000000fc2c0000)
No shared spaces configured.
Event: 10.316 GC heap after
Heap after GC invocations=30 (full 0):
 def new generation   total 8384K, used 494K [0x00000000dfa00000, 0x00000000e0310000, 0x00000000e8b50000)
  eden space 7488K,   0% used [0x00000000dfa00000, 0x00000000dfa00000, 0x00000000e0150000)
  from space 896K,  55% used [0x00000000e0150000, 0x00000000e01cb840, 0x00000000e0230000)
  to   space 896K,   0% used [0x00000000e0230000, 0x00000000e0230000, 0x00000000e0310000)
 tenured generation   total 18624K, used 17241K [0x00000000e8b50000, 0x00000000e9d80000, 0x00000000fae00000)
   the space 18624K,  92% used [0x00000000e8b50000, 0x00000000e9c266c0, 0x00000000e9c26800, 0x00000000e9d80000)
 compacting perm gen  total 21248K, used 14149K [0x00000000fae00000, 0x00000000fc2c0000, 0x0000000100000000)
   the space 21248K,  66% used [0x00000000fae00000, 0x00000000fbbd1570, 0x00000000fbbd1600, 0x00000000fc2c0000)
No shared spaces configured.
}
Event: 10.446 GC heap before
{Heap before GC invocations=30 (full 0):
 def new generation   total 8384K, used 7982K [0x00000000dfa00000, 0x00000000e0310000, 0x00000000e8b50000)
  eden space 7488K, 100% used [0x00000000dfa00000, 0x00000000e0150000, 0x00000000e0150000)
  from space 896K,  55% used [0x00000000e0150000, 0x00000000e01cb840, 0x00000000e0230000)
  to   space 896K,   0% used [0x00000000e0230000, 0x00000000e0230000, 0x00000000e0310000)
 tenured generation   total 18624K, used 17241K [0x00000000e8b50000, 0x00000000e9d80000, 0x00000000fae00000)
   the space 18624K,  92% used [0x00000000e8b50000, 0x00000000e9c266c0, 0x00000000e9c26800, 0x00000000e9d80000)
 compacting perm gen  total 21248K, used 14193K [0x00000000fae00000, 0x00000000fc2c0000, 0x0000000100000000)
   the space 21248K,  66% used [0x00000000fae00000, 0x00000000fbbdc5c0, 0x00000000fbbdc600, 0x00000000fc2c0000)
No shared spaces configured.
Event: 10.450 GC heap after
Heap after GC invocations=31 (full 0):
 def new generation   total 8384K, used 574K [0x00000000dfa00000, 0x00000000e0310000, 0x00000000e8b50000)
  eden space 7488K,   0% used [0x00000000dfa00000, 0x00000000dfa00000, 0x00000000e0150000)
  from space 896K,  64% used [0x00000000e0230000, 0x00000000e02bf968, 0x00000000e0310000)
  to   space 896K,   0% used [0x00000000e0150000, 0x00000000e0150000, 0x00000000e0230000)
 tenured generation   total 18624K, used 17484K [0x00000000e8b50000, 0x00000000e9d80000, 0x00000000fae00000)
   the space 18624K,  93% used [0x00000000e8b50000, 0x00000000e9c633c8, 0x00000000e9c63400, 0x00000000e9d80000)
 compacting perm gen  total 21248K, used 14193K [0x00000000fae00000, 0x00000000fc2c0000, 0x0000000100000000)
   the space 21248K,  66% used [0x00000000fae00000, 0x00000000fbbdc5c0, 0x00000000fbbdc600, 0x00000000fc2c0000)
No shared spaces configured.
}
Event: 10.541 GC heap before
{Heap before GC invocations=31 (full 0):
 def new generation   total 8384K, used 8062K [0x00000000dfa00000, 0x00000000e0310000, 0x00000000e8b50000)
  eden space 7488K, 100% used [0x00000000dfa00000, 0x00000000e0150000, 0x00000000e0150000)
  from space 896K,  64% used [0x00000000e0230000, 0x00000000e02bf968, 0x00000000e0310000)
  to   space 896K,   0% used [0x00000000e0150000, 0x00000000e0150000, 0x00000000e0230000)
 tenured generation   total 18624K, used 17484K [0x00000000e8b50000, 0x00000000e9d80000, 0x00000000fae00000)
   the space 18624K,  93% used [0x00000000e8b50000, 0x00000000e9c633c8, 0x00000000e9c63400, 0x00000000e9d80000)
 compacting perm gen  total 21248K, used 14206K [0x00000000fae00000, 0x00000000fc2c0000, 0x0000000100000000)
   the space 21248K,  66% used [0x00000000fae00000, 0x00000000fbbdfa28, 0x00000000fbbdfc00, 0x00000000fc2c0000)
No shared spaces configured.
Event: 10.544 GC heap after
Heap after GC invocations=32 (full 0):
 def new generation   total 8384K, used 554K [0x00000000dfa00000, 0x00000000e0310000, 0x00000000e8b50000)
  eden space 7488K,   0% used [0x00000000dfa00000, 0x00000000dfa00000, 0x00000000e0150000)
  from space 896K,  61% used [0x00000000e0150000, 0x00000000e01da9e8, 0x00000000e0230000)
  to   space 896K,   0% used [0x00000000e0230000, 0x00000000e0230000, 0x00000000e0310000)
 tenured generation   total 18624K, used 17656K [0x00000000e8b50000, 0x00000000e9d80000, 0x00000000fae00000)
   the space 18624K,  94% used [0x00000000e8b50000, 0x00000000e9c8e250, 0x00000000e9c8e400, 0x00000000e9d80000)
 compacting perm gen  total 21248K, used 14206K [0x00000000fae00000, 0x00000000fc2c0000, 0x0000000100000000)
   the space 21248K,  66% used [0x00000000fae00000, 0x00000000fbbdfa28, 0x00000000fbbdfc00, 0x00000000fc2c0000)
No shared spaces configured.
}

