# JRE version: 7.0_07-b10
# Java VM: Java HotSpot(TM) 64-Bit Server VM (23.3-b01 mixed mode linux-amd64 compressed oops)
Heap
 def new generation   total 8384K, used 4660K [0x00000000dfa00000, 0x00000000e0310000, 0x00000000e8b50000)
  eden space 7488K,  57% used [0x00000000dfa00000, 0x00000000dfe397e8, 0x00000000e0150000)
  from space 896K,  37% used [0x00000000e0150000, 0x00000000e01a3878, 0x00000000e0230000)
  to   space 896K,   0% used [0x00000000e0230000, 0x00000000e0230000, 0x00000000e0310000)
 tenured generation   total 18624K, used 18117K [0x00000000e8b50000, 0x00000000e9d80000, 0x00000000fae00000)
   the space 18624K,  97% used [0x00000000e8b50000, 0x00000000e9d01478, 0x00000000e9d01600, 0x00000000e9d80000)
 compacting perm gen  total 21248K, used 14683K [0x00000000fae00000, 0x00000000fc2c0000, 0x0000000100000000)
   the space 21248K,  69% used [0x00000000fae00000, 0x00000000fbc56c78, 0x00000000fbc56e00, 0x00000000fc2c0000)
GC Heap History (10 events):
Event: 10.410 GC heap before
{Heap before GC invocations=27 (full 0):
 def new generation   total 8384K, used 8130K [0x00000000dfa00000, 0x00000000e0310000, 0x00000000e8b50000)
  eden space 7488K, 100% used [0x00000000dfa00000, 0x00000000e0150000, 0x00000000e0150000)
  from space 896K,  71% used [0x00000000e0230000, 0x00000000e02d08c8, 0x00000000e0310000)
  to   space 896K,   0% used [0x00000000e0150000, 0x00000000e0150000, 0x00000000e0230000)
 tenured generation   total 18624K, used 16436K [0x00000000e8b50000, 0x00000000e9d80000, 0x00000000fae00000)
   the space 18624K,  88% used [0x00000000e8b50000, 0x00000000e9b5d0f0, 0x00000000e9b5d200, 0x00000000e9d80000)
 compacting perm gen  total 21248K, used 14082K [0x00000000fae00000, 0x00000000fc2c0000, 0x0000000100000000)
   the space 21248K,  66% used [0x00000000fae00000, 0x00000000fbbc0808, 0x00000000fbbc0a00, 0x00000000fc2c0000)
No shared spaces configured.
Event: 10.414 GC heap after
Heap after GC invocations=28 (full 0):
 def new generation   total 8384K, used 693K [0x00000000dfa00000, 0x00000000e0310000, 0x00000000e8b50000)
  eden space 7488K,   0% used [0x00000000dfa00000, 0x00000000dfa00000, 0x00000000e0150000)
  from space 896K,  77% used [0x00000000e0150000, 0x00000000e01fd7d0, 0x00000000e0230000)
  to   space 896K,   0% used [0x00000000e0230000, 0x00000000e0230000, 0x00000000e0310000)
 tenured generation   total 18624K, used 16763K [0x00000000e8b50000, 0x00000000e9d80000, 0x00000000fae00000)
   the space 18624K,  90% used [0x00000000e8b50000, 0x00000000e9baed30, 0x00000000e9baee00, 0x00000000e9d80000)
 compacting perm gen  total 21248K, used 14082K [0x00000000fae00000, 0x00000000fc2c0000, 0x0000000100000000)
   the space 21248K,  66% used [0x00000000fae00000, 0x00000000fbbc0808, 0x00000000fbbc0a00, 0x00000000fc2c0000)
No shared spaces configured.
}
Event: 10.594 GC heap before
{Heap before GC invocations=28 (full 0):
 def new generation   total 8384K, used 8181K [0x00000000dfa00000, 0x00000000e0310000, 0x00000000e8b50000)
  eden space 7488K, 100% used [0x00000000dfa00000, 0x00000000e0150000, 0x00000000e0150000)
  from space 896K,  77% used [0x00000000e0150000, 0x00000000e01fd7d0, 0x00000000e0230000)
  to   space 896K,   0% used [0x00000000e0230000, 0x00000000e0230000, 0x00000000e0310000)
 tenured generation   total 18624K, used 16763K [0x00000000e8b50000, 0x00000000e9d80000, 0x00000000fae00000)
   the space 18624K,  90% used [0x00000000e8b50000, 0x00000000e9baed30, 0x00000000e9baee00, 0x00000000e9d80000)
 compacting perm gen  total 21248K, used 14083K [0x00000000fae00000, 0x00000000fc2c0000, 0x0000000100000000)
   the space 21248K,  66% used [0x00000000fae00000, 0x00000000fbbc0ca0, 0x00000000fbbc0e00, 0x00000000fc2c0000)
No shared spaces configured.
Event: 10.598 GC heap after
Heap after GC invocations=29 (full 0):
 def new generation   total 8384K, used 635K [0x00000000dfa00000, 0x00000000e0310000, 0x00000000e8b50000)
  eden space 7488K,   0% used [0x00000000dfa00000, 0x00000000dfa00000, 0x00000000e0150000)
  from space 896K,  70% used [0x00000000e0230000, 0x00000000e02ced38, 0x00000000e0310000)
  to   space 896K,   0% used [0x00000000e0150000, 0x00000000e0150000, 0x00000000e0230000)
 tenured generation   total 18624K, used 17052K [0x00000000e8b50000, 0x00000000e9d80000, 0x00000000fae00000)
   the space 18624K,  91% used [0x00000000e8b50000, 0x00000000e9bf7348, 0x00000000e9bf7400, 0x00000000e9d80000)
 compacting perm gen  total 21248K, used 14083K [0x00000000fae00000, 0x00000000fc2c0000, 0x0000000100000000)
   the space 21248K,  66% used [0x00000000fae00000, 0x00000000fbbc0ca0, 0x00000000fbbc0e00, 0x00000000fc2c0000)
No shared spaces configured.
}
Event: 10.977 GC heap before
{Heap before GC invocations=29 (full 0):
 def new generation   total 8384K, used 8123K [0x00000000dfa00000, 0x00000000e0310000, 0x00000000e8b50000)
  eden space 7488K, 100% used [0x00000000dfa00000, 0x00000000e0150000, 0x00000000e0150000)
  from space 896K,  70% used [0x00000000e0230000, 0x00000000e02ced38, 0x00000000e0310000)
  to   space 896K,   0% used [0x00000000e0150000, 0x00000000e0150000, 0x00000000e0230000)
 tenured generation   total 18624K, used 17052K [0x00000000e8b50000, 0x00000000e9d80000, 0x00000000fae00000)
   the space 18624K,  91% used [0x00000000e8b50000, 0x00000000e9bf7348, 0x00000000e9bf7400, 0x00000000e9d80000)
 compacting perm gen  total 21248K, used 14152K [0x00000000fae00000, 0x00000000fc2c0000, 0x0000000100000000)
   the space 21248K,  66% used [0x00000000fae00000, 0x00000000fbbd20b0, 0x00000000fbbd2200, 0x00000000fc2c0000)
No shared spaces configured.
Event: 10.982 GC heap after
Heap after GC invocations=30 (full 0):
 def new generation   total 8384K, used 501K [0x00000000dfa00000, 0x00000000e0310000, 0x00000000e8b50000)
  eden space 7488K,   0% used [0x00000000dfa00000, 0x00000000dfa00000, 0x00000000e0150000)
  from space 896K,  55% used [0x00000000e0150000, 0x00000000e01cd610, 0x00000000e0230000)
  to   space 896K,   0% used [0x00000000e0230000, 0x00000000e0230000, 0x00000000e0310000)
 tenured generation   total 18624K, used 17384K [0x00000000e8b50000, 0x00000000e9d80000, 0x00000000fae00000)
   the space 18624K,  93% used [0x00000000e8b50000, 0x00000000e9c4a030, 0x00000000e9c4a200, 0x00000000e9d80000)
 compacting perm gen  total 21248K, used 14152K [0x00000000fae00000, 0x00000000fc2c0000, 0x0000000100000000)
   the space 21248K,  66% used [0x00000000fae00000, 0x00000000fbbd20b0, 0x00000000fbbd2200, 0x00000000fc2c0000)
No shared spaces configured.
}
Event: 11.112 GC heap before
{Heap before GC invocations=30 (full 0):
 def new generation   total 8384K, used 7989K [0x00000000dfa00000, 0x00000000e0310000, 0x00000000e8b50000)
  eden space 7488K, 100% used [0x00000000dfa00000, 0x00000000e0150000, 0x00000000e0150000)
  from space 896K,  55% used [0x00000000e0150000, 0x00000000e01cd610, 0x00000000e0230000)
  to   space 896K,   0% used [0x00000000e0230000, 0x00000000e0230000, 0x00000000e0310000)
 tenured generation   total 18624K, used 17384K [0x00000000e8b50000, 0x00000000e9d80000, 0x00000000fae00000)
   the space 18624K,  93% used [0x00000000e8b50000, 0x00000000e9c4a030, 0x00000000e9c4a200, 0x00000000e9d80000)
 compacting perm gen  total 21248K, used 14195K [0x00000000fae00000, 0x00000000fc2c0000, 0x0000000100000000)
   the space 21248K,  66% used [0x00000000fae00000, 0x00000000fbbdcdb0, 0x00000000fbbdce00, 0x00000000fc2c0000)
No shared spaces configured.
Event: 11.116 GC heap after
Heap after GC invocations=31 (full 0):
 def new generation   total 8384K, used 606K [0x00000000dfa00000, 0x00000000e0310000, 0x00000000e8b50000)
  eden space 7488K,   0% used [0x00000000dfa00000, 0x00000000dfa00000, 0x00000000e0150000)
  from space 896K,  67% used [0x00000000e0230000, 0x00000000e02c79b0, 0x00000000e0310000)
  to   space 896K,   0% used [0x00000000e0150000, 0x00000000e0150000, 0x00000000e0230000)
 tenured generation   total 18624K, used 17641K [0x00000000e8b50000, 0x00000000e9d80000, 0x00000000fae00000)
   the space 18624K,  94% used [0x00000000e8b50000, 0x00000000e9c8a5e0, 0x00000000e9c8a600, 0x00000000e9d80000)
 compacting perm gen  total 21248K, used 14195K [0x00000000fae00000, 0x00000000fc2c0000, 0x0000000100000000)
   the space 21248K,  66% used [0x00000000fae00000, 0x00000000fbbdcdb0, 0x00000000fbbdce00, 0x00000000fc2c0000)
No shared spaces configured.
}
Event: 11.243 GC heap before
{Heap before GC invocations=31 (full 0):
 def new generation   total 8384K, used 8094K [0x00000000dfa00000, 0x00000000e0310000, 0x00000000e8b50000)
  eden space 7488K, 100% used [0x00000000dfa00000, 0x00000000e0150000, 0x00000000e0150000)
  from space 896K,  67% used [0x00000000e0230000, 0x00000000e02c79b0, 0x00000000e0310000)
  to   space 896K,   0% used [0x00000000e0150000, 0x00000000e0150000, 0x00000000e0230000)
 tenured generation   total 18624K, used 17641K [0x00000000e8b50000, 0x00000000e9d80000, 0x00000000fae00000)
   the space 18624K,  94% used [0x00000000e8b50000, 0x00000000e9c8a5e0, 0x00000000e9c8a600, 0x00000000e9d80000)
 compacting perm gen  total 21248K, used 14268K [0x00000000fae00000, 0x00000000fc2c0000, 0x0000000100000000)
   the space 21248K,  67% used [0x00000000fae00000, 0x00000000fbbef1b0, 0x00000000fbbef200, 0x00000000fc2c0000)
No shared spaces configured.
Event: 11.246 GC heap after
Heap after GC invocations=32 (full 0):
 def new generation   total 8384K, used 334K [0x00000000dfa00000, 0x00000000e0310000, 0x00000000e8b50000)
  eden space 7488K,   0% used [0x00000000dfa00000, 0x00000000dfa00000, 0x00000000e0150000)
  from space 896K,  37% used [0x00000000e0150000, 0x00000000e01a3878, 0x00000000e0230000)
  to   space 896K,   0% used [0x00000000e0230000, 0x00000000e0230000, 0x00000000e0310000)
 tenured generation   total 18624K, used 18117K [0x00000000e8b50000, 0x00000000e9d80000, 0x00000000fae00000)
   the space 18624K,  97% used [0x00000000e8b50000, 0x00000000e9d01478, 0x00000000e9d01600, 0x00000000e9d80000)
 compacting perm gen  total 21248K, used 14268K [0x00000000fae00000, 0x00000000fc2c0000, 0x0000000100000000)
   the space 21248K,  67% used [0x00000000fae00000, 0x00000000fbbef1b0, 0x00000000fbbef200, 0x00000000fc2c0000)
No shared spaces configured.
}

