<?xml version="1.0" encoding="UTF-8" ?>
<testsuite failures="0" time="0.027" errors="0" skipped="0" tests="57" name="org.apache.mahout.math.TestDenseMatrix">
  <properties>
[...]
</properties>
  <testcase time="0.001" classname="org.apache.mahout.math.TestDenseMatrix" name="testGetQuick"/>
  <testcase time="0" classname="org.apache.mahout.math.TestDenseMatrix" name="testGet"/>
  <testcase time="0" classname="org.apache.mahout.math.TestDenseMatrix" name="testCopy"/>
  <testcase time="0" classname="org.apache.mahout.math.TestDenseMatrix" name="testCardinality"/>
  <testcase time="0.001" classname="org.apache.mahout.math.TestDenseMatrix" name="testIterate"/>
  <testcase time="0" classname="org.apache.mahout.math.TestDenseMatrix" name="testLike"/>
  <testcase time="0" classname="org.apache.mahout.math.TestDenseMatrix" name="testLikeIntInt"/>
  <testcase time="0" classname="org.apache.mahout.math.TestDenseMatrix" name="testSetQuick"/>
  <testcase time="0.001" classname="org.apache.mahout.math.TestDenseMatrix" name="testSize"/>
  <testcase time="0" classname="org.apache.mahout.math.TestDenseMatrix" name="testViewPart"/>
  <testcase time="0" classname="org.apache.mahout.math.TestDenseMatrix" name="testViewPartCardinality"/>
  <testcase time="0.001" classname="org.apache.mahout.math.TestDenseMatrix" name="testViewPartIndexOver"/>
  <testcase time="0" classname="org.apache.mahout.math.TestDenseMatrix" name="testViewPartIndexUnder"/>
  <testcase time="0" classname="org.apache.mahout.math.TestDenseMatrix" name="testAssignDouble"/>
  <testcase time="0" classname="org.apache.mahout.math.TestDenseMatrix" name="testAssignDoubleArrayArray"/>
  <testcase time="0.001" classname="org.apache.mahout.math.TestDenseMatrix" name="testAssignDoubleArrayArrayCardinality"/>
  <testcase time="0" classname="org.apache.mahout.math.TestDenseMatrix" name="testAssignMatrixBinaryFunction"/>
  <testcase time="0" classname="org.apache.mahout.math.TestDenseMatrix" name="testAssignMatrixBinaryFunctionCardinality"/>
  <testcase time="0" classname="org.apache.mahout.math.TestDenseMatrix" name="testAssignMatrix"/>
  <testcase time="0.001" classname="org.apache.mahout.math.TestDenseMatrix" name="testAssignMatrixCardinality"/>
  <testcase time="0" classname="org.apache.mahout.math.TestDenseMatrix" name="testAssignUnaryFunction"/>
  <testcase time="0" classname="org.apache.mahout.math.TestDenseMatrix" name="testRowView"/>
  <testcase time="0" classname="org.apache.mahout.math.TestDenseMatrix" name="testColumnView"/>
  <testcase time="0.001" classname="org.apache.mahout.math.TestDenseMatrix" name="testAggregateRows"/>
  <testcase time="0" classname="org.apache.mahout.math.TestDenseMatrix" name="testAggregateCols"/>
  <testcase time="0" classname="org.apache.mahout.math.TestDenseMatrix" name="testAggregate"/>
  <testcase time="0" classname="org.apache.mahout.math.TestDenseMatrix" name="testDivide"/>
  <testcase time="0.001" classname="org.apache.mahout.math.TestDenseMatrix" name="testGetIndexUnder"/>
  <testcase time="0" classname="org.apache.mahout.math.TestDenseMatrix" name="testGetIndexOver"/>
  <testcase time="0" classname="org.apache.mahout.math.TestDenseMatrix" name="testMinus"/>
  <testcase time="0.001" classname="org.apache.mahout.math.TestDenseMatrix" name="testMinusCardinality"/>
  <testcase time="0" classname="org.apache.mahout.math.TestDenseMatrix" name="testPlusDouble"/>
  <testcase time="0" classname="org.apache.mahout.math.TestDenseMatrix" name="testPlusMatrix"/>
  <testcase time="0.001" classname="org.apache.mahout.math.TestDenseMatrix" name="testPlusMatrixCardinality"/>
  <testcase time="0" classname="org.apache.mahout.math.TestDenseMatrix" name="testSetUnder"/>
  <testcase time="0" classname="org.apache.mahout.math.TestDenseMatrix" name="testSetOver"/>
  <testcase time="0.001" classname="org.apache.mahout.math.TestDenseMatrix" name="testTimesDouble"/>
  <testcase time="0" classname="org.apache.mahout.math.TestDenseMatrix" name="testTimesMatrix"/>
  <testcase time="0.001" classname="org.apache.mahout.math.TestDenseMatrix" name="testTimesVector"/>
  <testcase time="0" classname="org.apache.mahout.math.TestDenseMatrix" name="testTimesSquaredTimesVector"/>
  <testcase time="0.001" classname="org.apache.mahout.math.TestDenseMatrix" name="testTimesMatrixCardinality"/>
  <testcase time="0" classname="org.apache.mahout.math.TestDenseMatrix" name="testTranspose"/>
  <testcase time="0" classname="org.apache.mahout.math.TestDenseMatrix" name="testZSum"/>
  <testcase time="0" classname="org.apache.mahout.math.TestDenseMatrix" name="testAssignRow"/>
  <testcase time="0" classname="org.apache.mahout.math.TestDenseMatrix" name="testAssignRowCardinality"/>
  <testcase time="0.001" classname="org.apache.mahout.math.TestDenseMatrix" name="testAssignColumn"/>
  <testcase time="0" classname="org.apache.mahout.math.TestDenseMatrix" name="testAssignColumnCardinality"/>
  <testcase time="0" classname="org.apache.mahout.math.TestDenseMatrix" name="testViewRow"/>
  <testcase time="0.001" classname="org.apache.mahout.math.TestDenseMatrix" name="testViewRowIndexUnder"/>
  <testcase time="0" classname="org.apache.mahout.math.TestDenseMatrix" name="testViewRowIndexOver"/>
  <testcase time="0" classname="org.apache.mahout.math.TestDenseMatrix" name="testViewColumn"/>
  <testcase time="0.001" classname="org.apache.mahout.math.TestDenseMatrix" name="testViewColumnIndexUnder"/>
  <testcase time="0" classname="org.apache.mahout.math.TestDenseMatrix" name="testViewColumnIndexOver"/>
  <testcase time="0" classname="org.apache.mahout.math.TestDenseMatrix" name="testDeterminant"/>
  <testcase time="0" classname="org.apache.mahout.math.TestDenseMatrix" name="testLabelBindings"/>
  <testcase time="0.001" classname="org.apache.mahout.math.TestDenseMatrix" name="testSettingLabelBindings"/>
  <testcase time="0" classname="org.apache.mahout.math.TestDenseMatrix" name="testLabelBindingSerialization"/>
</testsuite>