<?xml version="1.0" encoding="UTF-8" ?>
<testsuite failures="0" time="0.011" errors="0" skipped="0" tests="17" name="org.apache.mahout.math.map.OpenDoubleLongHashMapTest">
  <properties>
[...]
</properties>
  <testcase time="0.001" classname="org.apache.mahout.math.map.OpenDoubleLongHashMapTest" name="testClone"/>
  <testcase time="0.001" classname="org.apache.mahout.math.map.OpenDoubleLongHashMapTest" name="testEquals"/>
  <testcase time="0" classname="org.apache.mahout.math.map.OpenDoubleLongHashMapTest" name="testConstructors"/>
  <testcase time="0" classname="org.apache.mahout.math.map.OpenDoubleLongHashMapTest" name="testEnsureCapacity"/>
  <testcase time="0" classname="org.apache.mahout.math.map.OpenDoubleLongHashMapTest" name="testClear"/>
  <testcase time="0" classname="org.apache.mahout.math.map.OpenDoubleLongHashMapTest" name="testContainsKey"/>
  <testcase time="0" classname="org.apache.mahout.math.map.OpenDoubleLongHashMapTest" name="testContainValue"/>
  <testcase time="0" classname="org.apache.mahout.math.map.OpenDoubleLongHashMapTest" name="testForEachKey"/>
  <testcase time="0.001" classname="org.apache.mahout.math.map.OpenDoubleLongHashMapTest" name="testForEachPair"/>
  <testcase time="0" classname="org.apache.mahout.math.map.OpenDoubleLongHashMapTest" name="testGet"/>
  <testcase time="0" classname="org.apache.mahout.math.map.OpenDoubleLongHashMapTest" name="testAdjustOrPutValue"/>
  <testcase time="0" classname="org.apache.mahout.math.map.OpenDoubleLongHashMapTest" name="testKeys"/>
  <testcase time="0" classname="org.apache.mahout.math.map.OpenDoubleLongHashMapTest" name="testPairsMatching"/>
  <testcase time="0.001" classname="org.apache.mahout.math.map.OpenDoubleLongHashMapTest" name="testValues"/>
  <testcase time="0" classname="org.apache.mahout.math.map.OpenDoubleLongHashMapTest" name="testCopy"/>
  <testcase time="0.002" classname="org.apache.mahout.math.map.OpenDoubleLongHashMapTest" name="testKeysSortedByValue"/>
  <testcase time="0" classname="org.apache.mahout.math.map.OpenDoubleLongHashMapTest" name="testPairsSortedByKey"/>
</testsuite>