<?xml version="1.0" encoding="UTF-8" ?>
<testsuite failures="0" time="0.032" errors="0" skipped="0" tests="48" name="org.apache.mahout.math.TestMatrixView">
  <properties>
[...]
</properties>
  <testcase time="0.001" classname="org.apache.mahout.math.TestMatrixView" name="testGetQuick"/>
  <testcase time="0" classname="org.apache.mahout.math.TestMatrixView" name="testGet"/>
  <testcase time="0.001" classname="org.apache.mahout.math.TestMatrixView" name="testCopy"/>
  <testcase time="0" classname="org.apache.mahout.math.TestMatrixView" name="testCardinality"/>
  <testcase time="0.001" classname="org.apache.mahout.math.TestMatrixView" name="testLike"/>
  <testcase time="0" classname="org.apache.mahout.math.TestMatrixView" name="testLikeIntInt"/>
  <testcase time="0.001" classname="org.apache.mahout.math.TestMatrixView" name="testSetQuick"/>
  <testcase time="0" classname="org.apache.mahout.math.TestMatrixView" name="testSize"/>
  <testcase time="0" classname="org.apache.mahout.math.TestMatrixView" name="testViewPart"/>
  <testcase time="0.001" classname="org.apache.mahout.math.TestMatrixView" name="testViewPartCardinality"/>
  <testcase time="0" classname="org.apache.mahout.math.TestMatrixView" name="testViewPartIndexOver"/>
  <testcase time="0" classname="org.apache.mahout.math.TestMatrixView" name="testViewPartIndexUnder"/>
  <testcase time="0" classname="org.apache.mahout.math.TestMatrixView" name="testAssignDouble"/>
  <testcase time="0" classname="org.apache.mahout.math.TestMatrixView" name="testAssignDoubleArrayArray"/>
  <testcase time="0" classname="org.apache.mahout.math.TestMatrixView" name="testAssignDoubleArrayArrayCardinality"/>
  <testcase time="0.001" classname="org.apache.mahout.math.TestMatrixView" name="testAssignMatrixBinaryFunction"/>
  <testcase time="0" classname="org.apache.mahout.math.TestMatrixView" name="testAssignMatrixBinaryFunctionCardinality"/>
  <testcase time="0" classname="org.apache.mahout.math.TestMatrixView" name="testAssignMatrix"/>
  <testcase time="0.001" classname="org.apache.mahout.math.TestMatrixView" name="testAssignMatrixCardinality"/>
  <testcase time="0" classname="org.apache.mahout.math.TestMatrixView" name="testAssignUnaryFunction"/>
  <testcase time="0.001" classname="org.apache.mahout.math.TestMatrixView" name="testDivide"/>
  <testcase time="0" classname="org.apache.mahout.math.TestMatrixView" name="testGetIndexUnder"/>
  <testcase time="0" classname="org.apache.mahout.math.TestMatrixView" name="testGetIndexOver"/>
  <testcase time="0.001" classname="org.apache.mahout.math.TestMatrixView" name="testMinus"/>
  <testcase time="0" classname="org.apache.mahout.math.TestMatrixView" name="testMinusCardinality"/>
  <testcase time="0" classname="org.apache.mahout.math.TestMatrixView" name="testPlusDouble"/>
  <testcase time="0.001" classname="org.apache.mahout.math.TestMatrixView" name="testPlusMatrix"/>
  <testcase time="0" classname="org.apache.mahout.math.TestMatrixView" name="testPlusMatrixCardinality"/>
  <testcase time="0.001" classname="org.apache.mahout.math.TestMatrixView" name="testSetUnder"/>
  <testcase time="0" classname="org.apache.mahout.math.TestMatrixView" name="testSetOver"/>
  <testcase time="0.001" classname="org.apache.mahout.math.TestMatrixView" name="testTimesDouble"/>
  <testcase time="0" classname="org.apache.mahout.math.TestMatrixView" name="testTimesMatrix"/>
  <testcase time="0" classname="org.apache.mahout.math.TestMatrixView" name="testTimesMatrixCardinality"/>
  <testcase time="0" classname="org.apache.mahout.math.TestMatrixView" name="testTranspose"/>
  <testcase time="0" classname="org.apache.mahout.math.TestMatrixView" name="testZSum"/>
  <testcase time="0" classname="org.apache.mahout.math.TestMatrixView" name="testAssignRow"/>
  <testcase time="0" classname="org.apache.mahout.math.TestMatrixView" name="testAssignRowCardinality"/>
  <testcase time="0" classname="org.apache.mahout.math.TestMatrixView" name="testAssignColumn"/>
  <testcase time="0" classname="org.apache.mahout.math.TestMatrixView" name="testAssignColumnCardinality"/>
  <testcase time="0" classname="org.apache.mahout.math.TestMatrixView" name="testViewRow"/>
  <testcase time="0" classname="org.apache.mahout.math.TestMatrixView" name="testViewRowIndexUnder"/>
  <testcase time="0.001" classname="org.apache.mahout.math.TestMatrixView" name="testViewRowIndexOver"/>
  <testcase time="0" classname="org.apache.mahout.math.TestMatrixView" name="testViewColumn"/>
  <testcase time="0" classname="org.apache.mahout.math.TestMatrixView" name="testViewColumnIndexUnder"/>
  <testcase time="0" classname="org.apache.mahout.math.TestMatrixView" name="testViewColumnIndexOver"/>
  <testcase time="0" classname="org.apache.mahout.math.TestMatrixView" name="testLabelBindings"/>
  <testcase time="0.001" classname="org.apache.mahout.math.TestMatrixView" name="testSettingLabelBindings"/>
  <testcase time="0" classname="org.apache.mahout.math.TestMatrixView" name="testLabelBindingSerialization"/>
</testsuite>